"gcc -o conftest -I. -I/System/Library/Frameworks/Ruby.framework/Versions/1.8/usr/lib/ruby/1.8/universal-darwin10.0 -I/Users/kevincolyar/development/dcpud/dccn_universe/trunk/lib/third_party/osx/ruby-oci8-1.0.6/ext/oci8  -D_XOPEN_SOURCE -D_DARWIN_C_SOURCE   -arch i386 -arch x86_64 -g -Os -pipe -fno-common -DENABLE_DTRACE  -fno-common  -pipe -fno-common   conftest.c  -L. -L/System/Library/Frameworks/Ruby.framework/Versions/1.8/usr/lib -L. -arch i386 -arch x86_64      -lruby  -lpthread -ldl  "
checked program was:
/* begin */
1: int main() { return 0; }
/* end */

./conftest
"gcc -I. -I/System/Library/Frameworks/Ruby.framework/Versions/1.8/usr/lib/ruby/1.8/universal-darwin10.0 -I/Users/kevincolyar/development/dcpud/dccn_universe/trunk/lib/third_party/osx/ruby-oci8-1.0.6/ext/oci8  -D_XOPEN_SOURCE -D_DARWIN_C_SOURCE   -arch i386 -arch x86_64 -g -Os -pipe -fno-common -DENABLE_DTRACE  -fno-common  -pipe -fno-common     -c conftest.c"
checked program was:
/* begin */
1: /*top*/
2: #ifndef __GNUC__
3: # error
4: >>>>>> __GNUC__ undefined <<<<<<
5: #endif
/* end */

"gcc -o conftest -I. -I/System/Library/Frameworks/Ruby.framework/Versions/1.8/usr/lib/ruby/1.8/universal-darwin10.0 -I/Users/kevincolyar/development/dcpud/dccn_universe/trunk/lib/third_party/osx/ruby-oci8-1.0.6/ext/oci8  -D_XOPEN_SOURCE -D_DARWIN_C_SOURCE   -arch i386 -arch x86_64 -g -Os -pipe -fno-common -DENABLE_DTRACE  -fno-common  -pipe -fno-common   conftest.c  -L. -L/System/Library/Frameworks/Ruby.framework/Versions/1.8/usr/lib -L. -arch i386 -arch x86_64      -lruby  -lpthread -ldl  "
checked program was:
/* begin */
1: int main() { return sizeof(long) == 8 ? 0 : 1; }
/* end */

./conftest
sh: /Library/Oracle/instantclient/10.2.0.4/bin/sqlplus: No such file or directory
